LINK : warning LNK4098: defaultlib 'MSVCRT' conflicts with use of other libs; use /NODEFAULTLIB:library
application.obj : error LNK2019: unresolved external symbol __imp__glClear@4 referenced in function _main
glfw3.lib(win32_init.obj) : error LNK2019: unresolved external symbol __imp__TranslateMessage@4 referenced in function __glfwPlatformInit
glfw3.lib(win32_window.obj) : error LNK2001: unresolved external symbol __imp__TranslateMessage@4
glfw3.lib(win32_init.obj) : error LNK2019: unresolved external symbol __imp__DispatchMessageW@4 referenced in function __glfwPlatformInit
glfw3.lib(win32_window.obj) : error LNK2001: unresolved external symbol __imp__DispatchMessageW@4
glfw3.lib(win32_init.obj) : error LNK2019: unresolved external symbol __imp__PeekMessageW@20 referenced in function __glfwPlatformInit
glfw3.lib(win32_window.obj) : error LNK2001: unresolved external symbol __imp__PeekMessageW@20
glfw3.lib(win32_init.obj) : error LNK2019: unresolved external symbol __imp__RegisterDeviceNotificationW@12 referenced in function __glfwPlatformInit
glfw3.lib(win32_init.obj) : error LNK2019: unresolved external symbol __imp__UnregisterDeviceNotification@4 referenced in function __glfwPlatformTerminate
glfw3.lib(win32_init.obj) : error LNK2019: unresolved external symbol __imp__CreateWindowExW@48 referenced in function __glfwPlatformInit
glfw3.lib(win32_window.obj) : error LNK2001: unresolved external symbol __imp__CreateWindowExW@48
glfw3.lib(win32_init.obj) : error LNK2019: unresolved external symbol __imp__DestroyWindow@4 referenced in function __glfwPlatformTerminate
glfw3.lib(win32_window.obj) : error LNK2001: unresolved external symbol __imp__DestroyWindow@4
glfw3.lib(win32_init.obj) : error LNK2019: unresolved external symbol __imp__ShowWindow@8 referenced in function __glfwPlatformInit
glfw3.lib(win32_window.obj) : error LNK2001: unresolved external symbol __imp__ShowWindow@8
glfw3.lib(win32_init.obj) : error LNK2019: unresolved external symbol __imp__ToUnicode@24 referenced in function __glfwPlatformInit
glfw3.lib(win32_init.obj) : error LNK2019: unresolved external symbol __imp__MapVirtualKeyW@8 referenced in function __glfwPlatformInit
glfw3.lib(win32_window.obj) : error LNK2001: unresolved external symbol __imp__MapVirtualKeyW@8
glfw3.lib(win32_init.obj) : error LNK2019: unresolved external symbol __imp__SystemParametersInfoW@16 referenced in function __glfwPlatformInit
glfw3.lib(win32_window.obj) : error LNK2001: unresolved external symbol __imp__SystemParametersInfoW@16
glfw3.lib(win32_monitor.obj) : error LNK2019: unresolved external symbol __imp__CreateDCW@16 referenced in function __glfwPlatformGetGammaRamp
glfw3.lib(win32_monitor.obj) : error LNK2019: unresolved external symbol __imp__DeleteDC@4 referenced in function __glfwPlatformGetGammaRamp
glfw3.lib(win32_monitor.obj) : error LNK2019: unresolved external symbol __imp__GetDeviceCaps@8 referenced in function __glfwGetMonitorContentScaleWin32
glfw3.lib(win32_monitor.obj) : error LNK2019: unresolved external symbol __imp__GetDeviceGammaRamp@8 referenced in function __glfwPlatformGetGammaRamp
glfw3.lib(win32_monitor.obj) : error LNK2019: unresolved external symbol __imp__SetDeviceGammaRamp@8 referenced in function __glfwPlatformSetGammaRamp
glfw3.lib(win32_monitor.obj) : error LNK2019: unresolved external symbol __imp__GetDC@4 referenced in function __glfwGetMonitorContentScaleWin32
glfw3.lib(win32_window.obj) : error LNK2001: unresolved external symbol __imp__GetDC@4
glfw3.lib(wgl_context.obj) : error LNK2001: unresolved external symbol __imp__GetDC@4
glfw3.lib(win32_monitor.obj) : error LNK2019: unresolved external symbol __imp__ReleaseDC@8 referenced in function __glfwGetMonitorContentScaleWin32
glfw3.lib(win32_window.obj) : error LNK2001: unresolved external symbol __imp__ReleaseDC@8
glfw3.lib(win32_monitor.obj) : error LNK2019: unresolved external symbol __imp__ChangeDisplaySettingsExW@20 referenced in function __glfwPlatformGetVideoModes
glfw3.lib(win32_monitor.obj) : error LNK2019: unresolved external symbol __imp__EnumDisplaySettingsW@12 referenced in function __glfwPlatformGetVideoMode
glfw3.lib(win32_monitor.obj) : error LNK2019: unresolved external symbol __imp__EnumDisplaySettingsExW@16 referenced in function __glfwPlatformGetMonitorPos
glfw3.lib(win32_monitor.obj) : error LNK2019: unresolved external symbol __imp__EnumDisplayDevicesW@16 referenced in function __glfwPollMonitorsWin32
glfw3.lib(win32_monitor.obj) : error LNK2019: unresolved external symbol __imp__GetMonitorInfoW@8 referenced in function __glfwPlatformGetMonitorWorkarea
glfw3.lib(win32_window.obj) : error LNK2001: unresolved external symbol __imp__GetMonitorInfoW@8
glfw3.lib(win32_monitor.obj) : error LNK2019: unresolved external symbol __imp__EnumDisplayMonitors@16 referenced in function __glfwPollMonitorsWin32
glfw3.lib(win32_window.obj) : error LNK2019: unresolved external symbol __imp__CreateBitmap@20 referenced in function _createIcon
glfw3.lib(win32_window.obj) : error LNK2019: unresolved external symbol __imp__CreateRectRgn@16 referenced in function _updateFramebufferTransparency
glfw3.lib(win32_window.obj) : error LNK2019: unresolved external symbol __imp__DeleteObject@4 referenced in function _createIcon
glfw3.lib(win32_window.obj) : error LNK2019: unresolved external symbol __imp__CreateDIBSection@24 referenced in function _createIcon
glfw3.lib(win32_window.obj) : error LNK2019: unresolved external symbol __imp__TrackMouseEvent@4 referenced in function _windowProc@16
glfw3.lib(win32_window.obj) : error LNK2019: unresolved external symbol __imp__GetMessageTime@0 referenced in function _windowProc@16
glfw3.lib(win32_window.obj) : error LNK2019: unresolved external symbol __imp__SendMessageW@16 referenced in function __glfwPlatformSetWindowIcon
glfw3.lib(win32_window.obj) : error LNK2019: unresolved external symbol __imp__PostMessageW@16 referenced in function __glfwPlatformPostEmptyEvent
glfw3.lib(win32_window.obj) : error LNK2019: unresolved external symbol __imp__WaitMessage@0 referenced in function __glfwPlatformWaitEvents
glfw3.lib(win32_window.obj) : error LNK2019: unresolved external symbol __imp__DefWindowProcW@16 referenced in function _windowProc@16
glfw3.lib(win32_window.obj) : error LNK2019: unresolved external symbol __imp__UnregisterClassW@8 referenced in function __glfwUnregisterWindowClassWin32
glfw3.lib(win32_window.obj) : error LNK2019: unresolved external symbol __imp__RegisterClassExW@4 referenced in function __glfwRegisterWindowClassWin32
glfw3.lib(win32_window.obj) : error LNK2019: unresolved external symbol __imp__GetLayeredWindowAttributes@16 referenced in function __glfwPlatformGetWindowOpacity
glfw3.lib(win32_window.obj) : error LNK2019: unresolved external symbol __imp__SetLayeredWindowAttributes@16 referenced in function __glfwPlatformSetWindowOpacity
glfw3.lib(win32_window.obj) : error LNK2019: unresolved external symbol __imp__FlashWindow@8 referenced in function __glfwPlatformRequestWindowAttention
glfw3.lib(win32_window.obj) : error LNK2019: unresolved external symbol __imp__MoveWindow@24 referenced in function __glfwPlatformSetWindowAspectRatio
glfw3.lib(win32_window.obj) : error LNK2019: unresolved external symbol __imp__SetWindowPos@28 referenced in function __glfwPlatformMaximizeWindow
glfw3.lib(win32_window.obj) : error LNK2019: unresolved external symbol __imp__GetWindowPlacement@8 referenced in function _createNativeWindow
glfw3.lib(win32_window.obj) : error LNK2019: unresolved external symbol __imp__SetWindowPlacement@8 referenced in function _createNativeWindow
glfw3.lib(win32_window.obj) : error LNK2019: unresolved external symbol __imp__IsWindowVisible@4 referenced in function __glfwPlatformMaximizeWindow
glfw3.lib(win32_window.obj) : error LNK2019: unresolved external symbol __imp__IsIconic@4 referenced in function __glfwPlatformWindowIconified
glfw3.lib(win32_window.obj) : error LNK2019: unresolved external symbol __imp__BringWindowToTop@4 referenced in function __glfwPlatformCreateWindow
glfw3.lib(win32_window.obj) : error LNK2019: unresolved external symbol __imp__IsZoomed@4 referenced in function __glfwPlatformWindowMaximized
glfw3.lib(win32_window.obj) : error LNK2019: unresolved external symbol __imp__OpenClipboard@4 referenced in function __glfwPlatformGetClipboardString
glfw3.lib(win32_window.obj) : error LNK2019: unresolved external symbol __imp__CloseClipboard@0 referenced in function __glfwPlatformGetClipboardString
glfw3.lib(win32_window.obj) : error LNK2019: unresolved external symbol __imp__SetClipboardData@8 referenced in function __glfwPlatformSetClipboardString
glfw3.lib(win32_window.obj) : error LNK2019: unresolved external symbol __imp__GetClipboardData@4 referenced in function __glfwPlatformGetClipboardString
glfw3.lib(win32_window.obj) : error LNK2019: unresolved external symbol __imp__EmptyClipboard@0 referenced in function __glfwPlatformSetClipboardString
glfw3.lib(win32_window.obj) : error LNK2019: unresolved external symbol __imp__SetFocus@4 referenced in function __glfwPlatformCreateWindow
glfw3.lib(win32_window.obj) : error LNK2019: unresolved external symbol __imp__GetActiveWindow@0 referenced in function __glfwPlatformPollEvents
glfw3.lib(win32_window.obj) : error LNK2019: unresolved external symbol __imp__GetKeyState@4 referenced in function __glfwPlatformPollEvents
glfw3.lib(win32_window.obj) : error LNK2019: unresolved external symbol __imp__SetCapture@4 referenced in function _windowProc@16
glfw3.lib(win32_window.obj) : error LNK2019: unresolved external symbol __imp__ReleaseCapture@0 referenced in function _windowProc@16
glfw3.lib(win32_window.obj) : error LNK2019: unresolved external symbol __imp__MsgWaitForMultipleObjects@20 referenced in function __glfwPlatformWaitEventsTimeout
glfw3.lib(win32_window.obj) : error LNK2019: unresolved external symbol __imp__GetSystemMetrics@4 referenced in function __glfwPlatformMaximizeWindow
glfw3.lib(win32_window.obj) : error LNK2019: unresolved external symbol __imp__SetForegroundWindow@4 referenced in function __glfwPlatformCreateWindow
glfw3.lib(win32_window.obj) : error LNK2019: unresolved external symbol __imp__SetPropW@12 referenced in function _createNativeWindow
glfw3.lib(win32_window.obj) : error LNK2019: unresolved external symbol __imp__GetPropW@8 referenced in function __glfwPlatformPollEvents
glfw3.lib(win32_window.obj) : error LNK2019: unresolved external symbol __imp__RemovePropW@8 referenced in function __glfwPlatformDestroyWindow
glfw3.lib(win32_window.obj) : error LNK2019: unresolved external symbol __imp__SetWindowTextW@8 referenced in function __glfwPlatformSetWindowTitle
glfw3.lib(win32_window.obj) : error LNK2019: unresolved external symbol __imp__GetClientRect@8 referenced in function __glfwPlatformGetFramebufferSize
glfw3.lib(win32_window.obj) : error LNK2019: unresolved external symbol __imp__GetWindowRect@8 referenced in function __glfwPlatformSetWindowAspectRatio
glfw3.lib(win32_window.obj) : error LNK2019: unresolved external symbol __imp__AdjustWindowRectEx@16 referenced in function __glfwPlatformGetWindowFrameSize
glfw3.lib(win32_window.obj) : error LNK2019: unresolved external symbol __imp__SetCursorPos@8 referenced in function __glfwPlatformPollEvents
glfw3.lib(win32_window.obj) : error LNK2019: unresolved external symbol __imp__SetCursor@4 referenced in function __glfwPlatformSetCursor
glfw3.lib(win32_window.obj) : error LNK2019: unresolved external symbol __imp__GetCursorPos@4 referenced in function __glfwPlatformGetCursorPos
glfw3.lib(win32_window.obj) : error LNK2019: unresolved external symbol __imp__ClientToScreen@8 referenced in function __glfwPlatformGetWindowPos
glfw3.lib(win32_window.obj) : error LNK2019: unresolved external symbol __imp__ScreenToClient@8 referenced in function __glfwPlatformGetCursorPos
glfw3.lib(win32_window.obj) : error LNK2019: unresolved external symbol __imp__WindowFromPoint@8 referenced in function _cursorInContentArea
glfw3.lib(win32_window.obj) : error LNK2019: unresolved external symbol __imp__ClipCursor@4 referenced in function _disableCursor
glfw3.lib(win32_window.obj) : error LNK2019: unresolved external symbol __imp__SetRect@20 referenced in function __glfwPlatformGetWindowFrameSize
glfw3.lib(win32_window.obj) : error LNK2019: unresolved external symbol __imp__OffsetRect@12 referenced in function __glfwPlatformMaximizeWindow
glfw3.lib(win32_window.obj) : error LNK2019: unresolved external symbol __imp__PtInRect@12 referenced in function _cursorInContentArea
glfw3.lib(win32_window.obj) : error LNK2019: unresolved external symbol __imp__GetWindowLongW@8 referenced in function __glfwPlatformGetWindowOpacity
glfw3.lib(win32_window.obj) : error LNK2019: unresolved external symbol __imp__SetWindowLongW@12 referenced in function __glfwPlatformMaximizeWindow
glfw3.lib(win32_window.obj) : error LNK2019: unresolved external symbol __imp__GetClassLongW@8 referenced in function __glfwPlatformSetWindowIcon
glfw3.lib(win32_window.obj) : error LNK2019: unresolved external symbol __imp__LoadCursorW@8 referenced in function __glfwPlatformSetCursor
glfw3.lib(win32_window.obj) : error LNK2019: unresolved external symbol __imp__DestroyIcon@4 referenced in function __glfwPlatformDestroyCursor
glfw3.lib(win32_window.obj) : error LNK2019: unresolved external symbol __imp__LoadImageW@24 referenced in function __glfwPlatformCreateStandardCursor
glfw3.lib(win32_window.obj) : error LNK2019: unresolved external symbol __imp__CreateIconIndirect@4 referenced in function _createIcon
glfw3.lib(win32_window.obj) : error LNK2019: unresolved external symbol __imp__MonitorFromWindow@8 referenced in function __glfwPlatformGetWindowContentScale
glfw3.lib(win32_window.obj) : error LNK2019: unresolved external symbol __imp__GetRawInputData@20 referenced in function _windowProc@16
glfw3.lib(win32_window.obj) : error LNK2019: unresolved external symbol __imp__RegisterRawInputDevices@12 referenced in function __glfwPlatformSetRawMouseMotion
glfw3.lib(win32_window.obj) : error LNK2019: unresolved external symbol __imp__DragQueryFileW@16 referenced in function _windowProc@16
glfw3.lib(win32_window.obj) : error LNK2019: unresolved external symbol __imp__DragQueryPoint@8 referenced in function _windowProc@16
glfw3.lib(win32_window.obj) : error LNK2019: unresolved external symbol __imp__DragFinish@4 referenced in function _windowProc@16
glfw3.lib(win32_window.obj) : error LNK2019: unresolved external symbol __imp__DragAcceptFiles@8 referenced in function _createNativeWindow
glfw3.lib(win32_joystick.obj) : error LNK2019: unresolved external symbol __imp__GetRawInputDeviceInfoA@16 referenced in function _deviceCallback@8
glfw3.lib(win32_joystick.obj) : error LNK2019: unresolved external symbol __imp__GetRawInputDeviceList@12 referenced in function _deviceCallback@8
glfw3.lib(wgl_context.obj) : error LNK2019: unresolved external symbol __imp__ChoosePixelFormat@8 referenced in function __glfwInitWGL
glfw3.lib(wgl_context.obj) : error LNK2019: unresolved external symbol __imp__DescribePixelFormat@16 referenced in function __glfwCreateContextWGL
glfw3.lib(wgl_context.obj) : error LNK2019: unresolved external symbol __imp__SetPixelFormat@12 referenced in function __glfwCreateContextWGL
glfw3.lib(wgl_context.obj) : error LNK2019: unresolved external symbol __imp__SwapBuffers@4 referenced in function _swapBuffersWGL
F:\Repositories\Learning_OpenGL\OpenGL_Project\Debug\OpenGL_Project.exe : fatal error LNK1120: 98 unresolved externals
